2024-08-01 18:06:28 - Database initialized
2024-08-01 18:06:34 - Viewed data for Harvir Ghuman
2024-08-01 18:09:51 - Database initialized
2024-08-01 19:08:21 - Database initialized
2024-08-01 19:24:49 - Viewed data for Harvir Ghuman
2024-08-02 19:36:36 - Database initialized
2024-08-02 19:37:20 - Database initialized
2024-08-02 19:38:20 - Added grade for Harvir Ghuman in C
2024-08-02 19:51:16 - Database initialized
2024-08-02 19:51:45 - Added grade for Harvir Ghuman in Soccer
2024-08-02 19:51:59 - Viewed data for Harvir Ghuman
2024-08-02 19:53:57 - Deleted course ID 1 for Harvir Ghuman
2024-08-02 19:54:28 - Added grade for Harvir Ghuman in C++
2024-08-02 19:54:59 - Added grade for Harvir Ghuman in perl
2024-08-02 19:55:05 - Viewed data for Harvir Ghuman
2024-08-02 19:55:17 - Viewed data for Harvir Ghuman
2024-12-16 19:47:31 - Database initialized
2024-12-16 19:47:43 - Viewed data for Harvir
2024-12-16 19:48:26 - Added grade for Harvir in MATH
2024-12-16 19:48:59 - Added grade for Harvir in 1
2024-12-16 19:49:18 - Added grade for Harvir in 2
2024-12-16 19:49:24 - Viewed data for Harvir
